<?xml version="1.0" encoding="UTF-8"?>
<!-- Generated by org.testng.reporters.JUnitReportReporter -->
<testsuite hostname="WONDERWOMAN" name="webdriver.java.tests.MySecondTest" tests="1" failures="0" timestamp="20 Aug 2014 09:59:16 GMT" time="6.457" errors="0">
  <testcase name="checkCreateAccount" time="6.457" classname="webdriver.java.tests.MySecondTest"/>
</testsuite> <!-- webdriver.java.tests.MySecondTest -->
