<?xml version="1.0" encoding="UTF-8"?>
<!-- Generated by org.testng.reporters.JUnitReportReporter -->
<testsuite hostname="WONDERWOMAN" name="webdriver.java.tests.MyThirdTest" tests="1" failures="0" timestamp="19 Aug 2014 12:30:05 GMT" time="6.217" errors="0">
  <testcase name="test1" time="6.217" classname="webdriver.java.tests.MyThirdTest"/>
</testsuite> <!-- webdriver.java.tests.MyThirdTest -->
