<?xml version="1.0" encoding="UTF-8"?>
<!-- Generated by org.testng.reporters.JUnitReportReporter -->
<testsuite hostname="WONDERWOMAN" name="webdriver.java.tests.MyFirstTestWithLogs" tests="1" failures="0" timestamp="19 Aug 2014 13:20:56 GMT" time="4.620" errors="0">
  <testcase name="test1" time="4.620" classname="webdriver.java.tests.MyFirstTestWithLogs"/>
</testsuite> <!-- webdriver.java.tests.MyFirstTestWithLogs -->
