<?xml version="1.0" encoding="UTF-8"?>
<!-- Generated by org.testng.reporters.JUnitReportReporter -->
<testsuite hostname="WONDERWOMAN" name="webdriver.java.tests.MyFirstTest" tests="2" failures="0" timestamp="19 Aug 2014 09:15:17 GMT" time="8.740" errors="0">
  <testcase name="myFirstTest" time="4.713" classname="webdriver.java.tests.MyFirstTest"/>
  <testcase name="myFirstTest3" time="4.027" classname="webdriver.java.tests.MyFirstTest"/>
</testsuite> <!-- webdriver.java.tests.MyFirstTest -->
